

****************************** COIVD DATA LOG ******************************


[Date: 10/31/22], [Country: Albania], [Cases: 331820], [Deaths: 3593]
[Date: 10/31/22], [Country: Algeria], [Cases: 270839], [Deaths: 6881]
[Date: 10/31/22], [Country: Czechia], [Cases: 4159438], [Deaths: 41613]
[Date: 10/31/22], [Country: Egypt], [Cases: 515406], [Deaths: 24798]
[Date: 10/31/22], [Country: French Polynesia], [Cases: 76764], [Deaths: 649]
[Date: 10/31/22], [Country: Gambia], [Cases: 12580], [Deaths: 372]
[Date: 10/31/22], [Country: Germany], [Cases: 35649648], [Deaths: 153814]
[Date: 10/31/22], [Country: Marshall Islands], [Cases: 15375], [Deaths: 17]
[Date: 10/31/22], [Country: Micronesia], [Cases: 22203], [Deaths: 55]
[Date: 10/31/22], [Country: Myanmar], [Cases: 631797], [Deaths: 19483]
[Date: 10/31/22], [Country: Norway], [Cases: 1464939], [Deaths: 4238]
[Date: 10/31/22], [Country: Qatar], [Cases: 469709], [Deaths: 684]
[Date: 10/31/22], [Country: Republic of Korea], [Cases: 25670407], [Deaths: 29239]
[Date: 10/31/22], [Country: San Marino], [Cases: 21604], [Deaths: 119]
[Date: 10/31/22], [Country: American Samoa], [Cases: 8257], [Deaths: 34]
[Date: 10/31/22], [Country: Angola], [Cases: 103131], [Deaths: 1917]
[Date: 10/31/22], [Country: Azerbaijan], [Cases: 823318], [Deaths: 9948]
[Date: 10/31/22], [Country: Belize], [Cases: 68957], [Deaths: 687]
[Date: 10/31/22], [Country: Cook Islands], [Cases: 6389], [Deaths: 1]
[Date: 10/31/22], [Country: Costa Rica], [Cases: 1135713], [Deaths: 8999]
[Date: 10/31/22], [Country: Gibraltar], [Cases: 20121], [Deaths: 108]
[Date: 10/31/22], [Country: Grenada], [Cases: 19591], [Deaths: 237]
[Date: 10/31/22], [Country: Guernsey], [Cases: 32466], [Deaths: 64]
[Date: 10/31/22], [Country: Italy], [Cases: 23531023], [Deaths: 179101]
[Date: 10/31/22], [Country: Mayotte], [Cases: 40320], [Deaths: 187]
[Date: 10/31/22], [Country: Saint Vincent and the Grenadines], [Cases: 9459], [Deaths: 116]
[Date: 10/31/22], [Country: Serbia], [Cases: 2405146], [Deaths: 17250]
[Date: 10/31/22], [Country: Seychelles], [Cases: 49035], [Deaths: 171]
[Date: 10/31/22], [Country: Vanuatu], [Cases: 11981], [Deaths: 14]
[Date: 10/31/22], [Country: Venezuela], [Cases: 545899], [Deaths: 5820]
[Date: 10/31/22], [Country: Bahamas], [Cases: 37386], [Deaths: 833]
[Date: 10/31/22], [Country: Barbados], [Cases: 103424], [Deaths: 560]
[Date: 10/31/22], [Country: Belgium], [Cases: 4612239], [Deaths: 32902]
[Date: 10/31/22], [Country: Brazil], [Cases: 34828749], [Deaths: 688157]
[Date: 10/31/22], [Country: Cabo Verde], [Cases: 62397], [Deaths: 410]
[Date: 10/31/22], [Country: China], [Cases: 9008398], [Deaths: 28518]
[Date: 10/31/22], [Country: India], [Cases: 44655828], [Deaths: 530452]
[Date: 10/31/22], [Country: Indonesia], [Cases: 6502659], [Deaths: 158695]
[Date: 10/31/22], [Country: Libya], [Cases: 507051], [Deaths: 6437]
[Date: 10/31/22], [Country: Monaco], [Cases: 14963], [Deaths: 65]
[Date: 10/31/22], [Country: Slovakia], [Cases: 1852839], [Deaths: 20614]
[Date: 10/31/22], [Country: Turks and Caicos Islands], [Cases: 6429], [Deaths: 36]
[Date: 10/31/22], [Country: United States of America], [Cases: 96206427], [Deaths: 1060430]
[Date: 10/31/22], [Country: Zambia], [Cases: 333669], [Deaths: 4017]
[Date: 10/31/22], [Country: Australia], [Cases: 10364859], [Deaths: 14853]
[Date: 10/31/22], [Country: Bermuda], [Cases: 18340], [Deaths: 148]
[Date: 10/31/22], [Country: Burundi], [Cases: 50470], [Deaths: 15]
[Date: 10/31/22], [Country: Djibouti], [Cases: 15690], [Deaths: 189]
[Date: 10/31/22], [Country: Dominican Republic], [Cases: 647425], [Deaths: 4384]
[Date: 10/31/22], [Country: Pakistan], [Cases: 1574094], [Deaths: 30629]
[Date: 10/31/22], [Country: Samoa], [Cases: 15946], [Deaths: 29]
[Date: 10/31/22], [Country: South Africa], [Cases: 4028651], [Deaths: 102311]
[Date: 10/31/22], [Country: South Sudan], [Cases: 18318], [Deaths: 138]
[Date: 10/31/22], [Country: Tonga], [Cases: 16182], [Deaths: 12]
[Date: 10/31/22], [Country: Andorra], [Cases: 46535], [Deaths: 155]
[Date: 10/31/22], [Country: Benin], [Cases: 27782], [Deaths: 163]
[Date: 10/31/22], [Country: Canada], [Cases: 4336860], [Deaths: 46389]
[Date: 10/31/22], [Country: Cayman Islands], [Cases: 31006], [Deaths: 34]
[Date: 10/31/22], [Country: Equatorial Guinea], [Cases: 17077], [Deaths: 183]
[Date: 10/31/22], [Country: Hungary], [Cases: 2141513], [Deaths: 47938]
[Date: 10/31/22], [Country: Latvia], [Cases: 953337], [Deaths: 6056]
[Date: 10/31/22], [Country: Peru], [Cases: 4156924], [Deaths: 217012]
[Date: 10/31/22], [Country: Saint Pierre and Miquelon], [Cases: 3230], [Deaths: 1]
[Date: 10/31/22], [Country: Spain], [Cases: 13511768], [Deaths: 115078]
[Date: 10/31/22], [Country: Wallis and Futuna], [Cases: 3415], [Deaths: 7]
[Date: 10/31/22], [Country: Central African Republic], [Cases: 15259], [Deaths: 113]
[Date: 10/31/22], [Country: Congo], [Cases: 24775], [Deaths: 386]
[Date: 10/31/22], [Country: Eswatini], [Cases: 73558], [Deaths: 1422]
[Date: 10/31/22], [Country: France], [Cases: 35795694], [Deaths: 153458]
[Date: 10/31/22], [Country: Greenland], [Cases: 11971], [Deaths: 21]
[Date: 10/31/22], [Country: Guinea], [Cases: 38047], [Deaths: 456]
[Date: 10/31/22], [Country: Isle of Man], [Cases: 38008], [Deaths: 116]
[Date: 10/31/22], [Country: Lebanon], [Cases: 1218810], [Deaths: 10709]
[Date: 10/31/22], [Country: Lesotho], [Cases: 34490], [Deaths: 706]
[Date: 10/31/22], [Country: Madagascar], [Cases: 66746], [Deaths: 1411]
[Date: 10/31/22], [Country: Poland], [Cases: 6341449], [Deaths: 118131]
[Date: 10/31/22], [Country: Romania], [Cases: 3287394], [Deaths: 67195]
[Date: 10/31/22], [Country: Solomon Islands], [Cases: 21544], [Deaths: 153]
[Date: 10/31/22], [Country: Tajikistan], [Cases: 17786], [Deaths: 125]
[Date: 10/31/22], [Country: Togo], [Cases: 39298], [Deaths: 290]
[Date: 10/31/22], [Country: Antigua and Barbuda], [Cases: 9106], [Deaths: 146]
[Date: 10/31/22], [Country: Bahrain], [Cases: 690401], [Deaths: 1529]
[Date: 10/31/22], [Country: Gabon], [Cases: 48945], [Deaths: 306]
[Date: 10/31/22], [Country: Haiti], [Cases: 33811], [Deaths: 857]
[Date: 10/31/22], [Country: Kazakhstan], [Cases: 1484997], [Deaths: 19052]
[Date: 10/31/22], [Country: Mozambique], [Cases: 230475], [Deaths: 2224]
[Date: 10/31/22], [Country: Niue], [Cases: 85], [Deaths: 0]
[Date: 10/31/22], [Country: North Macedonia], [Cases: 344146], [Deaths: 9564]
[Date: 10/31/22], [Country: Slovenia], [Cases: 1234223], [Deaths: 8450]
[Date: 10/31/22], [Country: Thailand], [Cases: 4692448], [Deaths: 32955]
[Date: 10/31/22], [Country: Timor-Leste], [Cases: 23303], [Deaths: 138]
[Date: 10/31/22], [Country: Bhutan], [Cases: 62380], [Deaths: 21]
[Date: 10/31/22], [Country: Bolivia], [Cases: 1109461], [Deaths: 22239]
[Date: 10/31/22], [Country: Comoros], [Cases: 8762], [Deaths: 160]
[Date: 10/31/22], [Country: Eritrea], [Cases: 10188], [Deaths: 103]
[Date: 10/31/22], [Country: Iraq], [Cases: 2461247], [Deaths: 25358]
[Date: 10/31/22], [Country: Jordan], [Cases: 1746997], [Deaths: 14122]
[Date: 10/31/22], [Country: Liberia], [Cases: 7996], [Deaths: 294]
[Date: 10/31/22], [Country: Mauritius], [Cases: 265301], [Deaths: 1032]
[Date: 10/31/22], [Country: Niger], [Cases: 9429], [Deaths: 314]
[Date: 10/31/22], [Country: Nigeria], [Cases: 266138], [Deaths: 3155]
[Date: 10/31/22], [Country: Palau], [Cases: 5513], [Deaths: 7]
[Date: 10/31/22], [Country: Saba], [Cases: 732], [Deaths: 2]
[Date: 10/31/22], [Country: Saint Lucia], [Cases: 29654], [Deaths: 407]
[Date: 10/31/22], [Country: The United Kingdom], [Cases: 23898489], [Deaths: 193673]
[Date: 10/31/22], [Country: Tuvalu], [Cases: 23], [Deaths: 0]
[Date: 10/31/22], [Country: United Arab Emirates], [Cases: 1037929], [Deaths: 2348]
[Date: 10/31/22], [Country: Aruba], [Cases: 43379], [Deaths: 233]
[Date: 10/31/22], [Country: Brunei Darussalam], [Cases: 241044], [Deaths: 136]
[Date: 10/31/22], [Country: Cambodia], [Cases: 137992], [Deaths: 3056]
[Date: 10/31/22], [Country: Curaçao], [Cases: 45489], [Deaths: 293]
[Date: 10/31/22], [Country: Guinea-Bissau], [Cases: 8848], [Deaths: 176]
[Date: 10/31/22], [Country: Ireland], [Cases: 1672319], [Deaths: 8043]
[Date: 10/31/22], [Country: Lithuania], [Cases: 1268671], [Deaths: 9395]
[Date: 10/31/22], [Country: Oman], [Cases: 398775], [Deaths: 4628]
[Date: 10/31/22], [Country: Rwanda], [Cases: 132556], [Deaths: 1467]
[Date: 10/31/22], [Country: Saudi Arabia], [Cases: 822718], [Deaths: 9409]
[Date: 10/31/22], [Country: Sudan], [Cases: 63509], [Deaths: 4972]
[Date: 10/31/22], [Country: Suriname], [Cases: 81185], [Deaths: 1390]
[Date: 10/31/22], [Country: Syrian Arab Republic], [Cases: 57362], [Deaths: 3163]
[Date: 10/31/22], [Country: Türkiye], [Cases: 16919638], [Deaths: 101203]
[Date: 10/31/22], [Country: United Republic of Tanzania], [Cases: 40054], [Deaths: 845]
[Date: 10/31/22], [Country: Yemen], [Cases: 11944], [Deaths: 2158]
[Date: 10/31/22], [Country: Burkina Faso], [Cases: 21631], [Deaths: 387]
[Date: 10/31/22], [Country: Cameroon], [Cases: 123629], [Deaths: 1960]
[Date: 10/31/22], [Country: Estonia], [Cases: 607300], [Deaths: 2748]
[Date: 10/31/22], [Country: Falkland Islands (Malvinas)], [Cases: 1930], [Deaths: 0]
[Date: 10/31/22], [Country: Kosovo[1]], [Cases: 272119], [Deaths: 3192]
[Date: 10/31/22], [Country: Liechtenstein], [Cases: 20663], [Deaths: 86]
[Date: 10/31/22], [Country: Luxembourg], [Cases: 302221], [Deaths: 1145]
[Date: 10/31/22], [Country: Montenegro], [Cases: 282835], [Deaths: 2786]
[Date: 10/31/22], [Country: Papua New Guinea], [Cases: 45518], [Deaths: 668]
[Date: 10/31/22], [Country: Paraguay], [Cases: 717955], [Deaths: 19601]
[Date: 10/31/22], [Country: Saint Helena], [Cases: 2045], [Deaths: 0]
[Date: 10/31/22], [Country: Anguilla], [Cases: 3866], [Deaths: 12]
[Date: 10/31/22], [Country: Armenia], [Cases: 445242], [Deaths: 8709]
[Date: 10/31/22], [Country: British Virgin Islands], [Cases: 7305], [Deaths: 64]
[Date: 10/31/22], [Country: Bulgaria], [Cases: 1279595], [Deaths: 37888]
[Date: 10/31/22], [Country: Israel], [Cases: 4685443], [Deaths: 11767]
[Date: 10/31/22], [Country: Jamaica], [Cases: 151931], [Deaths: 3320]
[Date: 10/31/22], [Country: Mauritania], [Cases: 63349], [Deaths: 997]
[Date: 10/31/22], [Country: Mexico], [Cases: 7110993], [Deaths: 330392]
[Date: 10/31/22], [Country: Morocco], [Cases: 1265650], [Deaths: 16281]
[Date: 10/31/22], [Country: Russian Federation], [Cases: 21441143], [Deaths: 390315]
[Date: 10/31/22], [Country: Saint Kitts and Nevis], [Cases: 6548], [Deaths: 46]
[Date: 10/31/22], [Country: Zimbabwe], [Cases: 257893], [Deaths: 5606]
[Date: 10/31/22], [Country: Botswana], [Cases: 326324], [Deaths: 2782]
[Date: 10/31/22], [Country: Guatemala], [Cases: 1140499], [Deaths: 19888]
[Date: 10/31/22], [Country: Holy See], [Cases: 26], [Deaths: 0]
[Date: 10/31/22], [Country: Kyrgyzstan], [Cases: 206452], [Deaths: 2991]
[Date: 10/31/22], [Country: Lao People's Democratic Republic], [Cases: 216243], [Deaths: 757]
[Date: 10/31/22], [Country: New Caledonia], [Cases: 74406], [Deaths: 314]
[Date: 10/31/22], [Country: New Zealand], [Cases: 1832894], [Deaths: 2106]
[Date: 10/31/22], [Country: Panama], [Cases: 990413], [Deaths: 8509]
[Date: 10/31/22], [Country: Republic of Moldova], [Cases: 593723], [Deaths: 11894]
[Date: 10/31/22], [Country: Saint Martin], [Cases: 12026], [Deaths: 46]
[Date: 10/31/22], [Country: Trinidad and Tobago], [Cases: 184713], [Deaths: 4249]
[Date: 10/31/22], [Country: Tunisia], [Cases: 1146593], [Deaths: 29259]
[Date: 10/31/22], [Country: Austria], [Cases: 5443883], [Deaths: 20990]
[Date: 10/31/22], [Country: Bangladesh], [Cases: 2035517], [Deaths: 29424]
[Date: 10/31/22], [Country: Colombia], [Cases: 6309716], [Deaths: 141837]
[Date: 10/31/22], [Country: Ecuador], [Cases: 1008035], [Deaths: 35920]
[Date: 10/31/22], [Country: Guam], [Cases: 49092], [Deaths: 401]
[Date: 10/31/22], [Country: Guyana], [Cases: 71437], [Deaths: 1281]
[Date: 10/31/22], [Country: Iceland], [Cases: 206571], [Deaths: 219]
[Date: 10/31/22], [Country: Iran], [Cases: 7557805], [Deaths: 144580]
[Date: 10/31/22], [Country: Japan], [Cases: 22360872], [Deaths: 46711]
[Date: 10/31/22], [Country: Kenya], [Cases: 339253], [Deaths: 5678]
[Date: 10/31/22], [Country: Mali], [Cases: 32735], [Deaths: 742]
[Date: 10/31/22], [Country: Northern Mariana Islands], [Cases: 13171], [Deaths: 40]
[Date: 10/31/22], [Country: Portugal], [Cases: 5518766], [Deaths: 25197]
[Date: 10/31/22], [Country: Réunion], [Cases: 477959], [Deaths: 899]
[Date: 10/31/22], [Country: Sint Maarten], [Cases: 10931], [Deaths: 89]
[Date: 10/31/22], [Country: Viet Nam], [Cases: 11502474], [Deaths: 43163]
[Date: 10/31/22], [Country: Cyprus], [Cases: 599118], [Deaths: 1194]
[Date: 10/31/22], [Country: Denmark], [Cases: 3335516], [Deaths: 7354]
[Date: 10/31/22], [Country: Georgia], [Cases: 1780691], [Deaths: 16900]
[Date: 10/31/22], [Country: Maldives], [Cases: 185364], [Deaths: 308]
[Date: 10/31/22], [Country: Namibia], [Cases: 169929], [Deaths: 4080]
[Date: 10/31/22], [Country: Singapore], [Cases: 2108024], [Deaths: 1680]
[Date: 10/31/22], [Country: Somalia], [Cases: 27237], [Deaths: 1361]
[Date: 10/31/22], [Country: Sweden], [Cases: 2611580], [Deaths: 20659]
[Date: 10/31/22], [Country: Switzerland], [Cases: 4235228], [Deaths: 13658]
[Date: 10/31/22], [Country: Uganda], [Cases: 169378], [Deaths: 3630]
[Date: 10/31/22], [Country: Uruguay], [Cases: 990560], [Deaths: 7518]
[Date: 10/31/22], [Country: Afghanistan], [Cases: 203167], [Deaths: 7823]
[Date: 10/31/22], [Country: Argentina], [Cases: 9718875], [Deaths: 129991]
[Date: 10/31/22], [Country: Belarus], [Cases: 994037], [Deaths: 7118]
[Date: 10/31/22], [Country: Bosnia and Herzegovina], [Cases: 399981], [Deaths: 16175]
[Date: 10/31/22], [Country: Chad], [Cases: 7627], [Deaths: 194]
[Date: 10/31/22], [Country: Chile], [Cases: 4762773], [Deaths: 61677]
[Date: 10/31/22], [Country: Cuba], [Cases: 1111286], [Deaths: 8530]
[Date: 10/31/22], [Country: Dominica], [Cases: 15760], [Deaths: 74]
[Date: 10/31/22], [Country: El Salvador], [Cases: 201785], [Deaths: 4230]
[Date: 10/31/22], [Country: Ethiopia], [Cases: 493940], [Deaths: 7572]
[Date: 10/31/22], [Country: Finland], [Cases: 1348737], [Deaths: 6568]
[Date: 10/31/22], [Country: Jersey], [Cases: 61656], [Deaths: 141]
[Date: 10/31/22], [Country: Kiribati], [Cases: 3430], [Deaths: 13]
[Date: 10/31/22], [Country: Kuwait], [Cases: 662073], [Deaths: 2568]
[Date: 10/31/22], [Country: Malta], [Cases: 115402], [Deaths: 808]
[Date: 10/31/22], [Country: Martinique], [Cases: 223728], [Deaths: 1047]
[Date: 10/31/22], [Country: Nepal], [Cases: 1000631], [Deaths: 12019]
[Date: 10/31/22], [Country: Nicaragua], [Cases: 15186], [Deaths: 245]
[Date: 10/31/22], [Country: Puerto Rico], [Cases: 981938], [Deaths: 5262]
[Date: 10/31/22], [Country: Sierra Leone], [Cases: 7754], [Deaths: 125]
[Date: 10/31/22], [Country: Sint Eustatius], [Cases: 1204], [Deaths: 5]
[Date: 10/31/22], [Country: Tokelau], [Cases: 0], [Deaths: 0]
[Date: 10/31/22], [Country: Ukraine], [Cases: 5296254], [Deaths: 110008]
[Date: 10/31/22], [Country: United States Virgin Islands], [Cases: 23344], [Deaths: 124]
[Date: 10/31/22], [Country: Bonaire], [Cases: 9531], [Deaths: 31]
[Date: 10/31/22], [Country: Côte d’Ivoire], [Cases: 87781], [Deaths: 827]
[Date: 10/31/22], [Country: Croatia], [Cases: 1247199], [Deaths: 17147]
[Date: 10/31/22], [Country: Korea], [Cases: 0], [Deaths: 0]
[Date: 10/31/22], [Country: Faroe Islands], [Cases: 34658], [Deaths: 28]
[Date: 10/31/22], [Country: Fiji], [Cases: 68264], [Deaths: 878]
[Date: 10/31/22], [Country: Guadeloupe], [Cases: 196270], [Deaths: 993]
[Date: 10/31/22], [Country: Malawi], [Cases: 87999], [Deaths: 2683]
[Date: 10/31/22], [Country: Malaysia], [Cases: 4905877], [Deaths: 36478]
[Date: 10/31/22], [Country: Mongolia], [Cases: 985112], [Deaths: 2131]
[Date: 10/31/22], [Country: Nauru], [Cases: 4610], [Deaths: 1]
[Date: 10/31/22], [Country: Philippines], [Cases: 4005157], [Deaths: 64109]
[Date: 10/31/22], [Country: Pitcairn Islands], [Cases: 4], [Deaths: 0]
[Date: 10/31/22], [Country: Saint Barthélemy], [Cases: 5323], [Deaths: 5]
[Date: 10/31/22], [Country: Democratic Republic of the Congo], [Cases: 93085], [Deaths: 1445]
[Date: 10/31/22], [Country: French Guiana], [Cases: 94259], [Deaths: 411]
[Date: 10/31/22], [Country: Ghana], [Cases: 170707], [Deaths: 1460]
[Date: 10/31/22], [Country: Greece], [Cases: 5188890], [Deaths: 33750]
[Date: 10/31/22], [Country: Honduras], [Cases: 456988], [Deaths: 11037]
[Date: 10/31/22], [Country: Montserrat], [Cases: 1403], [Deaths: 8]
[Date: 10/31/22], [Country: Netherlands], [Cases: 8517666], [Deaths: 22825]
[Date: 10/31/22], [Country: Sao Tome and Principe], [Cases: 6270], [Deaths: 77]
[Date: 10/31/22], [Country: Senegal], [Cases: 88679], [Deaths: 1968]
[Date: 10/31/22], [Country: Sri Lanka], [Cases: 671125], [Deaths: 16781]
[Date: 10/31/22], [Country: Turkmenistan], [Cases: 0], [Deaths: 0]
[Date: 10/31/22], [Country: Uzbekistan], [Cases: 244664], [Deaths: 1637]
